<?xml version="1.0" encoding="UTF-8"?>
<!-- Generated by org.testng.reporters.JUnitReportReporter -->
<testsuite hostname="LAPTOP-UDA3AESM" failures="0" tests="1" name="parallell" time="0.018" errors="0" timestamp="09 May 2022 10:04:01 GMT" skipped="0">
  <testcase classname="parallell" name="tco" time="0.018"/>
</testsuite> <!-- parallell -->
