<?xml version="1.0" encoding="UTF-8"?>
<!-- Generated by org.testng.reporters.JUnitReportReporter -->
<testsuite hostname="LAPTOP-UDA3AESM" failures="0" tests="4" name="com.trial.parallel00" time="0.022" errors="0" timestamp="09 May 2022 10:51:52 GMT" skipped="0">
  <testcase classname="com.trial.parallel00" name="tc01" time="0.003"/>
  <testcase classname="com.trial.parallel00" name="tc00" time="0.015"/>
  <testcase classname="com.trial.parallel00" name="tc03" time="0.002"/>
  <testcase classname="com.trial.parallel00" name="tc02" time="0.002"/>
</testsuite> <!-- com.trial.parallel00 -->
