<?xml version="1.0" encoding="UTF-8"?>
<!-- Generated by org.testng.reporters.JUnitReportReporter -->
<testsuite hostname="LAPTOP-UDA3AESM" failures="0" tests="4" name="com.trial.parallel01" time="0.022" errors="0" timestamp="09 May 2022 10:51:52 GMT" skipped="0">
  <testcase classname="com.trial.parallel01" name="tc11" time="0.002"/>
  <testcase classname="com.trial.parallel01" name="tc10" time="0.015"/>
  <testcase classname="com.trial.parallel01" name="tc12" time="0.003"/>
  <testcase classname="com.trial.parallel01" name="tc13" time="0.002"/>
</testsuite> <!-- com.trial.parallel01 -->
