<?xml version="1.0" encoding="UTF-8"?>
<!-- Generated by org.testng.reporters.JUnitReportReporter -->
<testsuite hostname="LAPTOP-UDA3AESM" failures="0" tests="4" name="com.trial.parallel04" time="0.027" errors="0" timestamp="09 May 2022 10:28:11 GMT" skipped="0">
  <testcase classname="com.trial.parallel04" name="tc33" time="0.006"/>
  <testcase classname="com.trial.parallel04" name="tc31" time="0.008"/>
  <testcase classname="com.trial.parallel04" name="tc30" time="0.003"/>
  <testcase classname="com.trial.parallel04" name="tc32" time="0.010"/>
</testsuite> <!-- com.trial.parallel04 -->
