<?xml version="1.0" encoding="UTF-8"?>
<!-- Generated by org.testng.reporters.JUnitReportReporter -->
<testsuite hostname="LAPTOP-UDA3AESM" failures="0" tests="4" name="com.trial.parallel03" time="0.024" errors="0" timestamp="09 May 2022 10:28:11 GMT" skipped="0">
  <testcase classname="com.trial.parallel03" name="tc21" time="0.010"/>
  <testcase classname="com.trial.parallel03" name="tc22" time="0.007"/>
  <testcase classname="com.trial.parallel03" name="tc23" time="0.005"/>
  <testcase classname="com.trial.parallel03" name="tc20" time="0.002"/>
</testsuite> <!-- com.trial.parallel03 -->
